Received request: Array
(
    [product_id] => undefined
    [user_id] => null
    [rating] => 3
    [comment] => dsa
)
Received request: Array
(
    [product_id] => undefined
    [user_id] => null
    [rating] => 3
    [comment] => dsa
)
Received request: Array
(
    [product_id] => undefined
    [user_id] => null
    [rating] => 3
    [comment] => dsa
)
Received request: Array
(
    [product_id] => undefined
    [user_id] => null
    [rating] => 3
    [comment] => dsa
)
Received request: Array
(
    [product_id] => undefined
    [user_id] => null
    [rating] => 3
    [comment] => dsa
)
Received request: Array
(
    [product_id] => undefined
    [user_id] => null
    [rating] => 3
    [comment] => dsa
)
Received request: Array
(
    [product_id] => undefined
    [user_id] => null
    [rating] => 3
    [comment] => dsa
)
Received request: Array
(
    [product_id] => undefined
    [user_id] => null
    [rating] => 3
    [comment] => dsa
)
Received request: Array
(
    [product_id] => undefined
    [user_id] => null
    [rating] => 3
    [comment] => dsa
)
Received request: Array
(
    [product_id] => undefined
    [user_id] => null
    [rating] => 3
    [comment] => dsa
)
Received request: Array
(
    [product_id] => undefined
    [user_id] => null
    [rating] => 3
    [comment] => dsa
)
Received request: Array
(
    [product_id] => undefined
    [user_id] => null
    [rating] => 3
    [comment] => dsa
)
Received request: Array
(
    [product_id] => undefined
    [user_id] => null
    [rating] => 3
    [comment] => dsa
)
Received request: Array
(
    [product_id] => undefined
    [user_id] => null
    [rating] => 3
    [comment] => dsa
)
Received request: Array
(
    [product_id] => undefined
    [user_id] => null
    [rating] => 3
    [comment] => dsa
)
Received request: Array
(
    [product_id] => undefined
    [user_id] => null
    [rating] => 3
    [comment] => dsa
)
Received request: Array
(
    [product_id] => undefined
    [user_id] => null
    [rating] => 3
    [comment] => dsa
)
Received request: Array
(
    [product_id] => undefined
    [user_id] => null
    [rating] => 3
    [comment] => dsa
)
Received request: Array
(
    [product_id] => undefined
    [user_id] => null
    [rating] => 3
    [comment] => dsa
)
Received request: Array
(
    [product_id] => undefined
    [user_id] => null
    [rating] => 3
    [comment] => dsa
)
Received request: Array
(
    [product_id] => undefined
    [user_id] => null
    [rating] => 3
    [comment] => dsa
)
Received request: Array
(
    [product_id] => undefined
    [user_id] => null
    [rating] => 3
    [comment] => dsa
)
Received POST data: Array
(
    [product_id] => undefined
    [user_id] => null
    [rating] => 2
    [comment] => dsad
)
Received POST data: Array
(
    [product_id] => undefined
    [user_id] => null
    [rating] => 2
    [comment] => dsad
)
Received POST data: Array
(
    [product_id] => undefined
    [user_id] => null
    [rating] => 2
    [comment] => dsad
)
Received POST data: Array
(
    [product_id] => undefined
    [user_id] => null
    [rating] => 2
    [comment] => dsad
)
Received POST data: Array
(
    [product_id] => undefined
    [user_id] => null
    [rating] => 2
    [comment] => dsad
)
Received POST data: Array
(
    [product_id] => undefined
    [user_id] => null
    [rating] => 2
    [comment] => dsad
)
Received POST data: Array
(
    [product_id] => undefined
    [user_id] => null
    [rating] => 2
    [comment] => dsad
)
Received POST data: Array
(
    [product_id] => undefined
    [user_id] => null
    [rating] => 2
    [comment] => dsad
)
Received POST data: Array
(
    [product_id] => undefined
    [user_id] => null
    [rating] => 2
    [comment] => dsad
)
Received POST data: Array
(
    [product_id] => undefined
    [user_id] => null
    [rating] => 2
    [comment] => dsad
)
Received POST data: Array
(
    [product_id] => undefined
    [user_id] => null
    [rating] => 2
    [comment] => dsad
)
Received POST data: Array
(
    [product_id] => undefined
    [user_id] => null
    [rating] => 2
    [comment] => dsad
)
Received POST data: Array
(
    [product_id] => undefined
    [user_id] => null
    [rating] => 2
    [comment] => dsad
)
